<?xml version="1.0" encoding="UTF-8" ?>
<testsuite failures="0" time="0.053" errors="0" skipped="0" tests="1" name="com.legstar.coxb.util.XmlUtilTest">
  <properties>
    <property name="java.runtime.name" value="Java(TM) SE Runtime Environment"/>
    <property name="sun.boot.library.path" value="C:\Java\jdk1.6.0_23\jre\bin"/>
    <property name="java.vm.version" value="19.0-b09"/>
    <property name="java.vm.vendor" value="Sun Microsystems Inc."/>
    <property name="java.vendor.url" value="http://java.sun.com/"/>
    <property name="path.separator" value=";"/>
    <property name="java.vm.name" value="Java HotSpot(TM) 64-Bit Server VM"/>
    <property name="file.encoding.pkg" value="sun.io"/>
    <property name="user.country" value="FR"/>
    <property name="sun.java.launcher" value="SUN_STANDARD"/>
    <property name="sun.os.patch.level" value=""/>
    <property name="java.vm.specification.name" value="Java Virtual Machine Specification"/>
    <property name="user.dir" value="C:\Users\Fady\Workspace\legstar\legstar-core\legstar-coxbapi"/>
    <property name="java.runtime.version" value="1.6.0_23-b05"/>
    <property name="java.awt.graphicsenv" value="sun.awt.Win32GraphicsEnvironment"/>
    <property name="basedir" value="C:\Users\Fady\Workspace\legstar\legstar-core\legstar-coxbapi"/>
    <property name="java.endorsed.dirs" value="C:\Java\jdk1.6.0_23\jre\lib\endorsed"/>
    <property name="os.arch" value="amd64"/>
    <property name="surefire.real.class.path" value="C:\Users\Fady\AppData\Local\Temp\surefirebooter2074181001998048380.jar"/>
    <property name="java.io.tmpdir" value="C:\Users\Fady\AppData\Local\Temp\"/>
    <property name="line.separator" value="
"/>
    <property name="java.vm.specification.vendor" value="Sun Microsystems Inc."/>
    <property name="user.variant" value=""/>
    <property name="os.name" value="Windows 7"/>
    <property name="sun.jnu.encoding" value="Cp1252"/>
    <property name="java.library.path" value="C:\Java\jdk1.6.0_23\jre\bin;.;C:\Windows\Sun\Java\bin;C:\Windows\system32;C:\Windows;C:\oracle\app\Fady\product\11.2.0\dbhome_1\bin;C:\Windows\system32;C:\Windows;C:\Windows\System32\Wbem;C:\Windows\System32\WindowsPowerShell\v1.0\;c:\Program Files (x86)\Microsoft SQL Server\100\Tools\Binn\;c:\Program Files\Microsoft SQL Server\100\Tools\Binn\;c:\Program Files\Microsoft SQL Server\100\DTS\Binn\;C:\Program Files\TortoiseSVN\bin;C:\Program Files\SlikSvn\bin\;C:\oracle\app\Fady\product\11.2.0\dbhome_1\bin;C:\Windows\system32;C:\Windows;C:\Windows\System32\Wbem;C:\Windows\System32\WindowsPowerShell\v1.0\;c:\Program Files (x86)\Microsoft SQL Server\100\Tools\Binn\;c:\Program Files\Microsoft SQL Server\100\Tools\Binn\;c:\Program Files\Microsoft SQL Server\100\DTS\Binn\;C:\Program Files\TortoiseSVN\bin;C:\Program Files\SlikSvn\bin\;C:\Java\jdk1.6.0_23/bin;C:\apache\apache-maven-2.2.1/bin;C:\apache\apache-ant-1.8.2/bin;C:\Program Files (x86)\GNU\GnuPG;C:\Program Files (x86)\IDM Computer Solutions\UltraEdit\"/>
    <property name="surefire.test.class.path" value="C:\Users\Fady\Workspace\legstar\legstar-core\legstar-coxbapi\target\test-classes;C:\Users\Fady\Workspace\legstar\legstar-core\legstar-coxbapi\target\classes;C:\Users\Fady\.m2\repository\commons-logging\commons-logging\1.1\commons-logging-1.1.jar;C:\Users\Fady\.m2\repository\log4j\log4j\1.2.12\log4j-1.2.12.jar;C:\Users\Fady\.m2\repository\org\codehaus\jackson\jackson-core-lgpl\1.6.0\jackson-core-lgpl-1.6.0.jar;C:\Users\Fady\.m2\repository\org\codehaus\jackson\jackson-mapper-lgpl\1.6.0\jackson-mapper-lgpl-1.6.0.jar;C:\Users\Fady\.m2\repository\org\codehaus\jackson\jackson-xc\1.6.0\jackson-xc-1.6.0.jar;C:\Users\Fady\.m2\repository\org\codehaus\jackson\jackson-core-asl\1.6.0\jackson-core-asl-1.6.0.jar;C:\Users\Fady\.m2\repository\org\codehaus\jackson\jackson-mapper-asl\1.6.0\jackson-mapper-asl-1.6.0.jar;C:\Users\Fady\.m2\repository\javax\xml\bind\jaxb-api\2.1\jaxb-api-2.1.jar;C:\Users\Fady\.m2\repository\javax\xml\stream\stax-api\1.0-2\stax-api-1.0-2.jar;C:\Users\Fady\.m2\repository\javax\activation\activation\1.1\activation-1.1.jar;C:\Users\Fady\.m2\repository\junit\junit\3.8.1\junit-3.8.1.jar;"/>
    <property name="java.specification.name" value="Java Platform API Specification"/>
    <property name="java.class.version" value="50.0"/>
    <property name="sun.management.compiler" value="HotSpot 64-Bit Server Compiler"/>
    <property name="os.version" value="6.1"/>
    <property name="user.home" value="C:\Users\Fady"/>
    <property name="user.timezone" value=""/>
    <property name="java.awt.printerjob" value="sun.awt.windows.WPrinterJob"/>
    <property name="java.specification.version" value="1.6"/>
    <property name="file.encoding" value="Cp1252"/>
    <property name="user.name" value="Fady"/>
    <property name="java.class.path" value="C:\Users\Fady\Workspace\legstar\legstar-core\legstar-coxbapi\target\test-classes;C:\Users\Fady\Workspace\legstar\legstar-core\legstar-coxbapi\target\classes;C:\Users\Fady\.m2\repository\commons-logging\commons-logging\1.1\commons-logging-1.1.jar;C:\Users\Fady\.m2\repository\log4j\log4j\1.2.12\log4j-1.2.12.jar;C:\Users\Fady\.m2\repository\org\codehaus\jackson\jackson-core-lgpl\1.6.0\jackson-core-lgpl-1.6.0.jar;C:\Users\Fady\.m2\repository\org\codehaus\jackson\jackson-mapper-lgpl\1.6.0\jackson-mapper-lgpl-1.6.0.jar;C:\Users\Fady\.m2\repository\org\codehaus\jackson\jackson-xc\1.6.0\jackson-xc-1.6.0.jar;C:\Users\Fady\.m2\repository\org\codehaus\jackson\jackson-core-asl\1.6.0\jackson-core-asl-1.6.0.jar;C:\Users\Fady\.m2\repository\org\codehaus\jackson\jackson-mapper-asl\1.6.0\jackson-mapper-asl-1.6.0.jar;C:\Users\Fady\.m2\repository\javax\xml\bind\jaxb-api\2.1\jaxb-api-2.1.jar;C:\Users\Fady\.m2\repository\javax\xml\stream\stax-api\1.0-2\stax-api-1.0-2.jar;C:\Users\Fady\.m2\repository\javax\activation\activation\1.1\activation-1.1.jar;C:\Users\Fady\.m2\repository\junit\junit\3.8.1\junit-3.8.1.jar;"/>
    <property name="java.vm.specification.version" value="1.0"/>
    <property name="sun.arch.data.model" value="64"/>
    <property name="java.home" value="C:\Java\jdk1.6.0_23\jre"/>
    <property name="java.specification.vendor" value="Sun Microsystems Inc."/>
    <property name="user.language" value="fr"/>
    <property name="awt.toolkit" value="sun.awt.windows.WToolkit"/>
    <property name="java.vm.info" value="mixed mode"/>
    <property name="java.version" value="1.6.0_23"/>
    <property name="java.ext.dirs" value="C:\Java\jdk1.6.0_23\jre\lib\ext;C:\Windows\Sun\Java\lib\ext"/>
    <property name="sun.boot.class.path" value="C:\Java\jdk1.6.0_23\jre\lib\resources.jar;C:\Java\jdk1.6.0_23\jre\lib\rt.jar;C:\Java\jdk1.6.0_23\jre\lib\sunrsasign.jar;C:\Java\jdk1.6.0_23\jre\lib\jsse.jar;C:\Java\jdk1.6.0_23\jre\lib\jce.jar;C:\Java\jdk1.6.0_23\jre\lib\charsets.jar;C:\Java\jdk1.6.0_23\jre\lib\modules\jdk.boot.jar;C:\Java\jdk1.6.0_23\jre\classes"/>
    <property name="java.vendor" value="Sun Microsystems Inc."/>
    <property name="localRepository" value="C:\Users\Fady\.m2\repository"/>
    <property name="file.separator" value="\"/>
    <property name="java.vendor.url.bug" value="http://java.sun.com/cgi-bin/bugreport.cgi"/>
    <property name="sun.cpu.endian" value="little"/>
    <property name="sun.io.unicode.encoding" value="UnicodeLittle"/>
    <property name="sun.desktop" value="windows"/>
    <property name="sun.cpu.isalist" value="amd64"/>
  </properties>
  <testcase time="0.051" classname="com.legstar.coxb.util.XmlUtilTest" name="testDrainage"/>
</testsuite>