<!-- =================================================================================
     This script tests the distribution file. It unzips the distro to a temporary
     location and runs the quickstarts.
 -->
<project basedir="../../.." default="testDistro" name="build-sample">

    <!-- ===========================================================  -->
    <!-- Setup environment
    -->
    <target name="init">
        <xmlproperty file="${basedir}/pom.xml"/>
        
        <!-- Temporary location  -->
        <property name="test.dir" value="target/test-distro" />
        <!-- Source XML schema location  -->
        <property name="xsd.dir" value="schema" />
        <!-- Distribution name  -->
        <property name="dist.name" value="${project.artifactId}-${project.version}" />
        <!-- Distribution zip file name -->
        <property name="dist.zip" value="${dist.name}-bin.zip" />
        <!-- Distribution zip file path  -->
        <property name="zip.file" value="${basedir}/target/${dist.zip}" />
        <!-- Whether to fork the java compiler or not   -->
        <property name="javac.fork" value="yes" />
        <!-- Distribution samples location   -->
        <property name="sample1.dir" value="${test.dir}/${dist.name}/samples/quickstarts/adapter_lsfileae" />
        <property name="sample2.dir" value="${test.dir}/${dist.name}/samples/quickstarts/proxy_pojo_jvmquery" />
        <property name="sample3.dir" value="${test.dir}/${dist.name}/samples/quickstarts/proxy_ws_cultureinfo" />
    
    </target>

    <!-- ===========================================================  -->
    <!-- Build the sample
    -->
    <target name="testDistro" depends="init">
        <unzip src="${zip.file}" dest="${test.dir}"/>
        
        <!-- Lsfileae sample. -->      
        <ant antfile="build-cob2xsd.xml" dir="${sample1.dir}"/>
        <ant antfile="build-jaxb.xml" dir="${sample1.dir}"/>
        <ant antfile="build-coxb.xml" dir="${sample1.dir}"/>
        <ant antfile="build-jws2cixs.xml" dir="${sample1.dir}"/>
        <ant antfile="deploy.xml" dir="${sample1.dir}/ant"/>
        
        <!-- Jvmquery sample. -->      
        <ant antfile="build-pojo.xml" dir="${sample2.dir}"/>
        <ant antfile="build-java2xs.xml" dir="${sample2.dir}"/>
        <ant antfile="build-jaxb.xml" dir="${sample2.dir}"/>
        <ant antfile="build-coxb-jvmqueryrequest.xml" dir="${sample2.dir}"/>
        <ant antfile="build-coxb-jvmqueryreply.xml" dir="${sample2.dir}"/>
        <ant antfile="build-cixs2jws.xml" dir="${sample2.dir}"/>
        <ant antfile="build-jvmquery-cobol-src.xml" dir="${sample2.dir}"/>
        <ant antfile="deploy.xml" dir="${sample2.dir}/ant"/>
        
        <!-- Cultureinfo sample. -->      
        <ant antfile="build-war.xml" dir="${sample3.dir}"/>
        <ant antfile="build-xsd2xs.xml" dir="${sample3.dir}"/>
        <ant antfile="build-jaxb.xml" dir="${sample3.dir}"/>
        <ant antfile="build-coxb-getinfo.xml" dir="${sample3.dir}"/>
        <ant antfile="build-coxb-getinforesponse.xml" dir="${sample3.dir}"/>
        <ant antfile="build-cixs2jws.xml" dir="${sample3.dir}"/>
        <ant antfile="build-cultureinfo-cobol-src.xml" dir="${sample3.dir}"/>
        <ant antfile="deploy.xml" dir="${sample3.dir}/ant"/>
        
    </target>
  
</project>
